Electrostatic potential parameters

Grid information (see 1_default_grid.dat in Angstrom)
    Number of grid points:            1089

Quantum electrostatic potential (see 1_default_grid_esp.dat)

Constraints
    Charge constraints
        Total charge of   0.07053635 on the set   2
        Total charge of   0.08505930 on the set   3
        Total charge of  -0.47140619 on the set   4
        Total charge of   0.12577516 on the set   5
        Total charge of  -0.10083367 on the set   6
        Total charge of   0.36409465 on the set   7
        Total charge of  -0.49600896 on the set   8
        Total charge of  -0.04595398 on the set   9
        Total charge of   0.36252504 on the set  10
        Total charge of  -0.52858773 on the set  11
        Total charge of   0.02500883 on the set  12
        Total charge of   0.17305152 on the set  18
    Equality constraints
        Equal charges on atoms
                                 15  16  17
                                 19  20  21
                                 22  23  24

Restraint
    Hyperbolic restraint to a charge of zero
    Hydrogen atoms are not restrained
    resp_a:                           0.0010
    resp_b:                           0.1000

Fit

Electrostatic Potential Charges
   Center  Symbol       ESP      RESP
      1    C      -0.23874153 -0.20126117
      2    N       0.07053635  0.07053635
      3    C       0.08505930  0.08505930
      4    N      -0.47140619 -0.47140619
      5    C       0.12577516  0.12577516
      6    C      -0.10083367 -0.10083367
      7    C       0.36409465  0.36409465
      8    O      -0.49600896 -0.49600896
      9    N      -0.04595398 -0.04595398
     10    C       0.36252504  0.36252504
     11    O      -0.52858773 -0.52858773
     12    N       0.02500883  0.02500883
     13    C       0.03219353  0.00605461
     14    C      -0.04516991 -0.03375553
     15    H       0.12211263  0.11036581
     16    H       0.12211263  0.11036581
     17    H       0.12211263  0.11036581
     18    H       0.17305152  0.17305152
     19    H       0.04252257  0.05004284
     20    H       0.04252257  0.05004284
     21    H       0.04252257  0.05004284
     22    H       0.06485066  0.06149194
     23    H       0.06485066  0.06149194
     24    H       0.06485066  0.06149194
Total Charge:      0.00000000 -0.00000000
