2024-11-07:15:53:29,42 INFO     [psi4.driver.task_planner:235] PLANNING MB:  mc_level_idx=0 packet={'driver': 'energy', 'method': 'ccsd(t)', 'basis': 'aug-cc-pvdz', 'keywords': {'FREEZE_CORE': '1', 'function_kwargs': {}}}
2024-11-07:15:53:29,42 INFO     [psi4.driver.driver_nbody:952] 
  //>>>>>>>>>>>>>>>>>>>>>>>>>>>>>>>>>>>>>//
  // ManyBody Setup: N-Body Levels [1, 2]//
  //<<<<<<<<<<<<<<<<<<<<<<<<<<<<<<<<<<<<<//


2024-11-07:15:53:29,42 INFO     [psi4.driver.driver_nbody:513]         Number of 1-body computations:     2
        Number of 2-body computations:     1
2024-11-07:15:53:29,44 INFO     [psi4.driver.driver_nbody:1014] 
  //>>>>>>>>>>>>>>>>>>>>>>>>>>>>>>>>>>>//
  //       ManyBody Computations       //
  //<<<<<<<<<<<<<<<<<<<<<<<<<<<<<<<<<<<//


2024-11-07:15:53:29,65 INFO     [psi4.driver.task_base:159] <<< JSON launch ... c2v 0.0
2024-11-07:15:53:32,896 INFO     [psi4.driver.task_planner:283] PLANNING Atomic:  keywords={'FREEZE_CORE': '1', 'function_kwargs': {}}
2024-11-07:15:53:32,899 INFO     [psi4.driver.driver:499] Compute energy(): method=ccsd(t), basis=aug-cc-pvdz, molecule=Ar2, nre=0.0
2024-11-07:15:53:36,311 INFO     [psi4.driver.driver:502] Return energy(): -526.9698010262023
2024-11-07:15:53:36,328 INFO     [psi4.driver.task_base:159] <<< JSON launch ... c2v 0.0
2024-11-07:15:53:36,354 INFO     [psi4.driver.task_planner:283] PLANNING Atomic:  keywords={'FREEZE_CORE': '1', 'function_kwargs': {}}
2024-11-07:15:53:36,357 INFO     [psi4.driver.driver:499] Compute energy(): method=ccsd(t), basis=aug-cc-pvdz, molecule=Ar2, nre=0.0
2024-11-07:15:53:39,640 INFO     [psi4.driver.driver:502] Return energy(): -526.9698010262025
2024-11-07:15:53:39,656 INFO     [psi4.driver.task_base:159] <<< JSON launch ... d2h 48.986690359165706
2024-11-07:15:53:39,682 INFO     [psi4.driver.task_planner:283] PLANNING Atomic:  keywords={'FREEZE_CORE': '1', 'function_kwargs': {}}
2024-11-07:15:53:39,685 INFO     [psi4.driver.driver:499] Compute energy(): method=ccsd(t), basis=aug-cc-pvdz, molecule=Ar2, nre=48.986690359165706
2024-11-07:15:53:42,510 INFO     [psi4.driver.driver:502] Return energy(): -1053.9393329701613
2024-11-07:15:53:42,527 INFO     [psi4.driver.driver_nbody:1364] 
  //>>>>>>>>>>>>>>>>>>>>>>>>>>>>>>>>>>>//
  //          ManyBody Results         //
  //<<<<<<<<<<<<<<<<<<<<<<<<<<<<<<<<<<<//


2024-11-07:15:53:42,527 INFO     [psi4.driver.driver_nbody:394] 
   ==> N-Body: Counterpoise Corrected (CP) energies <==

        n-Body     Total Energy            Interaction Energy                          N-body Contribution to Interaction Energy
                   [Eh]                    [Eh]                  [kcal/mol]            [Eh]                  [kcal/mol]
             1  N/A                         0.000000000000        0.000000000000        0.000000000000        0.000000000000
  FULL/RTN   2  N/A                         0.000269082243        0.168851656989        0.000269082243        0.168851656989


2024-11-07:15:53:42,584 INFO     [psi4.driver.task_planner:235] PLANNING MB:  mc_level_idx=0 packet={'driver': 'energy', 'method': 'ccsd(t)', 'basis': 'aug-cc-pvdz', 'keywords': {'FREEZE_CORE': '1', 'function_kwargs': {}}}
2024-11-07:15:53:42,584 INFO     [psi4.driver.driver_nbody:952] 
  //>>>>>>>>>>>>>>>>>>>>>>>>>>>>>>>>>>>>>//
  // ManyBody Setup: N-Body Levels [1, 2]//
  //<<<<<<<<<<<<<<<<<<<<<<<<<<<<<<<<<<<<<//


2024-11-07:15:53:42,584 INFO     [psi4.driver.driver_nbody:513]         Number of 1-body computations:     2
        Number of 2-body computations:     1
2024-11-07:15:53:42,585 INFO     [psi4.driver.driver_nbody:1014] 
  //>>>>>>>>>>>>>>>>>>>>>>>>>>>>>>>>>>>//
  //       ManyBody Computations       //
  //<<<<<<<<<<<<<<<<<<<<<<<<<<<<<<<<<<<//


2024-11-07:15:53:42,604 INFO     [psi4.driver.task_base:159] <<< JSON launch ... c2v 0.0
2024-11-07:15:53:42,629 INFO     [psi4.driver.task_planner:283] PLANNING Atomic:  keywords={'FREEZE_CORE': '1', 'function_kwargs': {}}
2024-11-07:15:53:42,633 INFO     [psi4.driver.driver:499] Compute energy(): method=ccsd(t), basis=aug-cc-pvdz, molecule=Ar2, nre=0.0
2024-11-07:15:53:45,953 INFO     [psi4.driver.driver:502] Return energy(): -526.9697632262444
2024-11-07:15:53:45,968 INFO     [psi4.driver.task_base:159] <<< JSON launch ... c2v 0.0
2024-11-07:15:53:45,993 INFO     [psi4.driver.task_planner:283] PLANNING Atomic:  keywords={'FREEZE_CORE': '1', 'function_kwargs': {}}
2024-11-07:15:53:45,996 INFO     [psi4.driver.driver:499] Compute energy(): method=ccsd(t), basis=aug-cc-pvdz, molecule=Ar2, nre=0.0
2024-11-07:15:53:49,289 INFO     [psi4.driver.driver:502] Return energy(): -526.9697632262444
2024-11-07:15:53:49,305 INFO     [psi4.driver.task_base:159] <<< JSON launch ... d2h 42.863354064269984
2024-11-07:15:53:49,332 INFO     [psi4.driver.task_planner:283] PLANNING Atomic:  keywords={'FREEZE_CORE': '1', 'function_kwargs': {}}
2024-11-07:15:53:49,334 INFO     [psi4.driver.driver:499] Compute energy(): method=ccsd(t), basis=aug-cc-pvdz, molecule=Ar2, nre=42.863354064269984
2024-11-07:15:53:52,145 INFO     [psi4.driver.driver:502] Return energy(): -1053.939722660513
2024-11-07:15:53:52,162 INFO     [psi4.driver.driver_nbody:1364] 
  //>>>>>>>>>>>>>>>>>>>>>>>>>>>>>>>>>>>//
  //          ManyBody Results         //
  //<<<<<<<<<<<<<<<<<<<<<<<<<<<<<<<<<<<//


2024-11-07:15:53:52,163 INFO     [psi4.driver.driver_nbody:394] 
   ==> N-Body: Counterpoise Corrected (CP) energies <==

        n-Body     Total Energy            Interaction Energy                          N-body Contribution to Interaction Energy
                   [Eh]                    [Eh]                  [kcal/mol]            [Eh]                  [kcal/mol]
             1  N/A                         0.000000000000        0.000000000000        0.000000000000        0.000000000000
  FULL/RTN   2  N/A                        -0.000196208024       -0.123122394119       -0.000196208024       -0.123122394119


2024-11-07:15:53:52,217 INFO     [psi4.driver.task_planner:235] PLANNING MB:  mc_level_idx=0 packet={'driver': 'energy', 'method': 'ccsd(t)', 'basis': 'aug-cc-pvdz', 'keywords': {'FREEZE_CORE': '1', 'function_kwargs': {}}}
2024-11-07:15:53:52,217 INFO     [psi4.driver.driver_nbody:952] 
  //>>>>>>>>>>>>>>>>>>>>>>>>>>>>>>>>>>>>>//
  // ManyBody Setup: N-Body Levels [1, 2]//
  //<<<<<<<<<<<<<<<<<<<<<<<<<<<<<<<<<<<<<//


2024-11-07:15:53:52,217 INFO     [psi4.driver.driver_nbody:513]         Number of 1-body computations:     2
        Number of 2-body computations:     1
2024-11-07:15:53:52,218 INFO     [psi4.driver.driver_nbody:1014] 
  //>>>>>>>>>>>>>>>>>>>>>>>>>>>>>>>>>>>//
  //       ManyBody Computations       //
  //<<<<<<<<<<<<<<<<<<<<<<<<<<<<<<<<<<<//


2024-11-07:15:53:52,237 INFO     [psi4.driver.task_base:159] <<< JSON launch ... c2v 0.0
2024-11-07:15:53:52,263 INFO     [psi4.driver.task_planner:283] PLANNING Atomic:  keywords={'FREEZE_CORE': '1', 'function_kwargs': {}}
2024-11-07:15:53:52,266 INFO     [psi4.driver.driver:499] Compute energy(): method=ccsd(t), basis=aug-cc-pvdz, molecule=Ar2, nre=0.0
2024-11-07:15:53:54,972 INFO     [psi4.driver.driver:502] Return energy(): -526.9697211194687
2024-11-07:15:53:54,987 INFO     [psi4.driver.task_base:159] <<< JSON launch ... c2v 0.0
2024-11-07:15:53:55,13 INFO     [psi4.driver.task_planner:283] PLANNING Atomic:  keywords={'FREEZE_CORE': '1', 'function_kwargs': {}}
2024-11-07:15:53:55,15 INFO     [psi4.driver.driver:499] Compute energy(): method=ccsd(t), basis=aug-cc-pvdz, molecule=Ar2, nre=0.0
2024-11-07:15:53:57,718 INFO     [psi4.driver.driver:502] Return energy(): -526.9697211194688
2024-11-07:15:53:57,732 INFO     [psi4.driver.task_base:159] <<< JSON launch ... d2h 34.290683251416
2024-11-07:15:53:57,758 INFO     [psi4.driver.task_planner:283] PLANNING Atomic:  keywords={'FREEZE_CORE': '1', 'function_kwargs': {}}
2024-11-07:15:53:57,761 INFO     [psi4.driver.driver:499] Compute energy(): method=ccsd(t), basis=aug-cc-pvdz, molecule=Ar2, nre=34.290683251416
2024-11-07:15:53:59,982 INFO     [psi4.driver.driver:502] Return energy(): -1053.9395313641587
2024-11-07:15:53:59,998 INFO     [psi4.driver.driver_nbody:1364] 
  //>>>>>>>>>>>>>>>>>>>>>>>>>>>>>>>>>>>//
  //          ManyBody Results         //
  //<<<<<<<<<<<<<<<<<<<<<<<<<<<<<<<<<<<//


2024-11-07:15:53:59,999 INFO     [psi4.driver.driver_nbody:394] 
   ==> N-Body: Counterpoise Corrected (CP) energies <==

        n-Body     Total Energy            Interaction Energy                          N-body Contribution to Interaction Energy
                   [Eh]                    [Eh]                  [kcal/mol]            [Eh]                  [kcal/mol]
             1  N/A                         0.000000000000        0.000000000000        0.000000000000        0.000000000000
  FULL/RTN   2  N/A                        -0.000089125221       -0.055926920777       -0.000089125221       -0.055926920777


2024-11-07:15:54:00,54 INFO     [psi4.driver.task_planner:235] PLANNING MB:  mc_level_idx=0 packet={'driver': 'energy', 'method': 'ccsd(t)', 'basis': 'aug-cc-pvdz', 'keywords': {'FREEZE_CORE': '1', 'function_kwargs': {}}}
2024-11-07:15:54:00,55 INFO     [psi4.driver.driver_nbody:952] 
  //>>>>>>>>>>>>>>>>>>>>>>>>>>>>>>>>>>>>>//
  // ManyBody Setup: N-Body Levels [1, 2]//
  //<<<<<<<<<<<<<<<<<<<<<<<<<<<<<<<<<<<<<//


2024-11-07:15:54:00,55 INFO     [psi4.driver.driver_nbody:513]         Number of 1-body computations:     2
        Number of 2-body computations:     1
2024-11-07:15:54:00,56 INFO     [psi4.driver.driver_nbody:1014] 
  //>>>>>>>>>>>>>>>>>>>>>>>>>>>>>>>>>>>//
  //       ManyBody Computations       //
  //<<<<<<<<<<<<<<<<<<<<<<<<<<<<<<<<<<<//


2024-11-07:15:54:00,75 INFO     [psi4.driver.task_base:159] <<< JSON launch ... c2v 0.0
2024-11-07:15:54:00,100 INFO     [psi4.driver.task_planner:283] PLANNING Atomic:  keywords={'FREEZE_CORE': '1', 'function_kwargs': {}}
2024-11-07:15:54:00,103 INFO     [psi4.driver.driver:499] Compute energy(): method=ccsd(t), basis=aug-cc-pvdz, molecule=Ar2, nre=0.0
2024-11-07:15:54:02,738 INFO     [psi4.driver.driver:502] Return energy(): -526.9696970014364
2024-11-07:15:54:02,753 INFO     [psi4.driver.task_base:159] <<< JSON launch ... c2v 0.0
2024-11-07:15:54:02,779 INFO     [psi4.driver.task_planner:283] PLANNING Atomic:  keywords={'FREEZE_CORE': '1', 'function_kwargs': {}}
2024-11-07:15:54:02,781 INFO     [psi4.driver.driver:499] Compute energy(): method=ccsd(t), basis=aug-cc-pvdz, molecule=Ar2, nre=0.0
2024-11-07:15:54:05,377 INFO     [psi4.driver.driver:502] Return energy(): -526.9696970014355
2024-11-07:15:54:05,392 INFO     [psi4.driver.task_base:159] <<< JSON launch ... d2h 28.575569376180024
2024-11-07:15:54:05,417 INFO     [psi4.driver.task_planner:283] PLANNING Atomic:  keywords={'FREEZE_CORE': '1', 'function_kwargs': {}}
2024-11-07:15:54:05,420 INFO     [psi4.driver.driver:499] Compute energy(): method=ccsd(t), basis=aug-cc-pvdz, molecule=Ar2, nre=28.575569376180024
2024-11-07:15:54:07,541 INFO     [psi4.driver.driver:502] Return energy(): -1053.9394240309668
2024-11-07:15:54:07,555 INFO     [psi4.driver.driver_nbody:1364] 
  //>>>>>>>>>>>>>>>>>>>>>>>>>>>>>>>>>>>//
  //          ManyBody Results         //
  //<<<<<<<<<<<<<<<<<<<<<<<<<<<<<<<<<<<//


2024-11-07:15:54:07,555 INFO     [psi4.driver.driver_nbody:394] 
   ==> N-Body: Counterpoise Corrected (CP) energies <==

        n-Body     Total Energy            Interaction Energy                          N-body Contribution to Interaction Energy
                   [Eh]                    [Eh]                  [kcal/mol]            [Eh]                  [kcal/mol]
             1  N/A                         0.000000000000        0.000000000000        0.000000000000        0.000000000000
  FULL/RTN   2  N/A                        -0.000030028095       -0.018842914028       -0.000030028095       -0.018842914028


