2024-11-07:14:56:39,6 INFO     [psi4.driver.task_planner:283] PLANNING Atomic:  keywords={'function_kwargs': {}}
2024-11-07:14:56:39,8 INFO     [psi4.driver.driver:499] Compute energy(): method=scf, basis=cc-pvdz, molecule=default, nre=9.168193296424349
2024-11-07:14:56:41,423 INFO     [psi4.driver.driver:502] Return energy(): -76.02663273509214
2024-11-07:15:00:54,770 INFO     [psi4.driver.task_planner:283] PLANNING Atomic:  keywords={'SCF__INTS_TOLERANCE': 1e-12, 'REFERENCE': 'UHF', 'function_kwargs': {}}
2024-11-07:15:00:54,772 INFO     [psi4.driver.driver:499] Compute energy(): method=scf, basis=6-31g**, molecule=default, nre=6.17454856754189
2024-11-07:15:00:54,951 INFO     [psi4.driver.driver:502] Return energy(): -38.92533462893768
2024-11-07:15:04:17,234 INFO     [psi4.driver.task_planner:283] PLANNING Atomic:  keywords={'SCF__INTS_TOLERANCE': 1e-12, 'REFERENCE': 'RHF', 'function_kwargs': {}}
2024-11-07:15:04:17,235 INFO     [psi4.driver.driver:617] Compute gradient(): method=scf, basis=cc-pvdz, molecule=default, nre=9.168193296424349
2024-11-07:15:04:18,183 INFO     [psi4.driver.driver:620] Return gradient(): -76.0266327351256
2024-11-07:15:04:18,183 INFO     [psi4.driver.driver:621] [[-0.          0.         -0.01764163]
 [ 0.         -0.01243841  0.00882081]
 [-0.          0.01243841  0.00882081]]
2024-11-07:15:04:18,233 INFO     [psi4.driver.task_planner:283] PLANNING Atomic:  keywords={'CART_HESS_READ': 0, 'SCF__GUESS': 'READ', 'SCF__INTS_TOLERANCE': 1e-12, 'REFERENCE': 'RHF', 'function_kwargs': {}}
2024-11-07:15:04:18,235 INFO     [psi4.driver.driver:617] Compute gradient(): method=scf, basis=cc-pvdz, molecule=default, nre=9.309900182572584
2024-11-07:15:04:18,362 INFO     [psi4.driver.driver:620] Return gradient(): -76.02702266602098
2024-11-07:15:04:18,363 INFO     [psi4.driver.driver:621] [[ 0.          0.         -0.00008799]
 [-0.          0.00157041  0.000044  ]
 [ 0.         -0.00157041  0.000044  ]]
2024-11-07:15:04:18,381 INFO     [psi4.driver.task_planner:283] PLANNING Atomic:  keywords={'CART_HESS_READ': 0, 'SCF__GUESS': 'READ', 'OPTKING__INTRAFRAG_STEP_LIMIT': 1.0, 'SCF__INTS_TOLERANCE': 1e-12, 'REFERENCE': 'RHF', 'function_kwargs': {}}
2024-11-07:15:04:18,382 INFO     [psi4.driver.driver:617] Compute gradient(): method=scf, basis=cc-pvdz, molecule=default, nre=9.300665063013044
2024-11-07:15:04:18,499 INFO     [psi4.driver.driver:620] Return gradient(): -76.02703272937688
2024-11-07:15:04:18,500 INFO     [psi4.driver.driver:621] [[ 0.          0.          0.00008587]
 [ 0.         -0.00007268 -0.00004293]
 [-0.          0.00007268 -0.00004293]]
2024-11-07:15:08:28,961 INFO     [psi4.driver.task_planner:283] PLANNING Atomic:  keywords={'SCF__INTS_TOLERANCE': 1e-12, 'REFERENCE': 'RHF', 'function_kwargs': {}}
2024-11-07:15:08:28,978 INFO     [psi4.driver.task_planner:283] PLANNING Atomic:  keywords={'SCF__D_CONVERGENCE': 1e-08, 'SCF__E_CONVERGENCE': 1e-08, 'SCF__INTS_TOLERANCE': 1e-12, 'REFERENCE': 'RHF', 'function_kwargs': {}}
2024-11-07:15:08:28,979 INFO     [psi4.driver.driver:617] Compute gradient(): method=scf, basis=cc-pvdz, molecule=default, nre=9.30066506301305
2024-11-07:15:08:29,158 INFO     [psi4.driver.driver:620] Return gradient(): -76.02703272937681
2024-11-07:15:08:29,159 INFO     [psi4.driver.driver:621] [[-0.          0.          0.00008586]
 [ 0.         -0.00007268 -0.00004293]
 [-0.          0.00007268 -0.00004293]]
2024-11-07:15:08:29,159 INFO     [psi4.driver.driver:1437] Compute hessian(): method=scf, basis=cc-pvdz, molecule=default, nre=9.30066506301305
2024-11-07:15:08:30,540 INFO     [psi4.driver.driver:1441] Return hessian(): -76.02703272937681
2024-11-07:15:08:30,540 INFO     [psi4.driver.driver:1442] [[-0.00007858 -0.         -0.          0.00003929 -0.          0.          0.00003929  0.          0.        ]
 [-0.          0.78584954  0.         -0.         -0.39292477  0.30336826  0.         -0.39292477 -0.30336826]
 [-0.          0.          0.53846879  0.          0.23574776 -0.26923439  0.         -0.23574776 -0.26923439]
 [ 0.00003929 -0.          0.          0.00000603  0.         -0.         -0.00004532 -0.          0.        ]
 [-0.         -0.39292477  0.23574776  0.          0.42766634 -0.26955801 -0.         -0.03474157  0.03381025]
 [ 0.          0.30336826 -0.26923439 -0.         -0.26955801  0.25174302 -0.         -0.03381025  0.01749137]
 [ 0.00003929  0.          0.         -0.00004532 -0.         -0.          0.00000603 -0.         -0.        ]
 [ 0.         -0.39292477 -0.23574776 -0.         -0.03474157 -0.03381025 -0.          0.42766634  0.26955801]
 [ 0.         -0.30336826 -0.26923439  0.          0.03381025  0.01749137 -0.          0.26955801  0.25174302]]
2024-11-07:15:18:40,440 INFO     [psi4.driver.task_planner:283] PLANNING Atomic:  keywords={'FREEZE_CORE': '1', 'SCF__INTS_TOLERANCE': 1e-12, 'REFERENCE': 'RHF', 'SCF_TYPE': 'DF', 'function_kwargs': {}}
2024-11-07:15:18:40,442 INFO     [psi4.driver.driver:499] Compute energy(): method=sapt0, basis=jun-cc-pvdz, molecule=default, nre=85.18906453127578
2024-11-07:15:18:43,806 INFO     [psi4.driver.driver:502] Return energy(): -0.0022355824076426816
2024-11-07:15:24:16,861 INFO     [psi4.driver.task_planner:235] PLANNING MB:  mc_level_idx=0 packet={'driver': 'energy', 'method': 'ccsd(t)', 'basis': 'aug-cc-pvdz', 'keywords': {'DF_INTS_IO': 'NONE', 'SAPT__D_CONVERGENCE': 1e-09, 'SAPT__E_CONVERGENCE': 1e-09, 'FREEZE_CORE': '1', 'SCF__INTS_TOLERANCE': 1e-12, 'REFERENCE': 'RHF', 'SAPT__SAPT_LEVEL': 'SAPT0', 'SCF_TYPE': 'DF', 'function_kwargs': {}}}
2024-11-07:15:24:16,861 INFO     [psi4.driver.driver_nbody:952] 
  //>>>>>>>>>>>>>>>>>>>>>>>>>>>>>>>>>>>>>//
  // ManyBody Setup: N-Body Levels [1, 2]//
  //<<<<<<<<<<<<<<<<<<<<<<<<<<<<<<<<<<<<<//


2024-11-07:15:24:16,861 INFO     [psi4.driver.driver_nbody:513]         Number of 1-body computations:     2
        Number of 2-body computations:     1
2024-11-07:15:24:16,863 INFO     [psi4.driver.driver_nbody:1014] 
  //>>>>>>>>>>>>>>>>>>>>>>>>>>>>>>>>>>>//
  //       ManyBody Computations       //
  //<<<<<<<<<<<<<<<<<<<<<<<<<<<<<<<<<<<//


2024-11-07:15:24:16,877 INFO     [psi4.driver.task_base:159] <<< JSON launch ... c2v 0.0
2024-11-07:15:24:23,831 INFO     [psi4.driver.task_planner:283] PLANNING Atomic:  keywords={'DF_INTS_IO': 'NONE', 'SAPT__D_CONVERGENCE': 1e-09, 'SAPT__E_CONVERGENCE': 1e-09, 'FREEZE_CORE': '1', 'SCF__INTS_TOLERANCE': 1e-12, 'REFERENCE': 'RHF', 'SAPT__SAPT_LEVEL': 'SAPT0', 'SCF_TYPE': 'DF', 'function_kwargs': {}}
2024-11-07:15:24:23,833 INFO     [psi4.driver.driver:499] Compute energy(): method=ccsd(t), basis=aug-cc-pvdz, molecule=Ne2, nre=0.0
2024-11-07:15:24:24,886 INFO     [psi4.driver.driver:502] Return energy(): -128.7094565912636
2024-11-07:15:24:24,936 INFO     [psi4.driver.task_base:159] <<< JSON launch ... c2v 0.0
2024-11-07:15:24:24,956 INFO     [psi4.driver.task_planner:283] PLANNING Atomic:  keywords={'DF_INTS_IO': 'NONE', 'SAPT__D_CONVERGENCE': 1e-09, 'SAPT__E_CONVERGENCE': 1e-09, 'FREEZE_CORE': '1', 'SCF__INTS_TOLERANCE': 1e-12, 'REFERENCE': 'RHF', 'SAPT__SAPT_LEVEL': 'SAPT0', 'SCF_TYPE': 'DF', 'function_kwargs': {}}
2024-11-07:15:24:24,958 INFO     [psi4.driver.driver:499] Compute energy(): method=ccsd(t), basis=aug-cc-pvdz, molecule=Ne2, nre=0.0
2024-11-07:15:24:25,532 INFO     [psi4.driver.driver:502] Return energy(): -128.70945659126355
2024-11-07:15:24:25,577 INFO     [psi4.driver.task_base:159] <<< JSON launch ... d2h 21.1670884268
2024-11-07:15:24:25,597 INFO     [psi4.driver.task_planner:283] PLANNING Atomic:  keywords={'DF_INTS_IO': 'NONE', 'SAPT__D_CONVERGENCE': 1e-09, 'SAPT__E_CONVERGENCE': 1e-09, 'FREEZE_CORE': '1', 'SCF__INTS_TOLERANCE': 1e-12, 'REFERENCE': 'RHF', 'SAPT__SAPT_LEVEL': 'SAPT0', 'SCF_TYPE': 'DF', 'function_kwargs': {}}
2024-11-07:15:24:25,598 INFO     [psi4.driver.driver:499] Compute energy(): method=ccsd(t), basis=aug-cc-pvdz, molecule=Ne2, nre=21.1670884268
2024-11-07:15:24:26,275 INFO     [psi4.driver.driver:502] Return energy(): -257.41770426822126
2024-11-07:15:24:26,286 INFO     [psi4.driver.driver_nbody:1364] 
  //>>>>>>>>>>>>>>>>>>>>>>>>>>>>>>>>>>>//
  //          ManyBody Results         //
  //<<<<<<<<<<<<<<<<<<<<<<<<<<<<<<<<<<<//


2024-11-07:15:24:26,305 INFO     [psi4.driver.driver_nbody:394] 
   ==> N-Body: Counterpoise Corrected (CP) energies <==

        n-Body     Total Energy            Interaction Energy                          N-body Contribution to Interaction Energy
                   [Eh]                    [Eh]                  [kcal/mol]            [Eh]                  [kcal/mol]
             1  N/A                         0.000000000000        0.000000000000        0.000000000000        0.000000000000
  FULL/RTN   2  N/A                         0.001208914306        0.758605179932        0.001208914306        0.758605179932


2024-11-07:15:24:26,342 INFO     [psi4.driver.task_planner:235] PLANNING MB:  mc_level_idx=0 packet={'driver': 'energy', 'method': 'ccsd(t)', 'basis': 'aug-cc-pvdz', 'keywords': {'DF_INTS_IO': 'NONE', 'SAPT__D_CONVERGENCE': 1e-09, 'SAPT__E_CONVERGENCE': 1e-09, 'FREEZE_CORE': '1', 'SCF__INTS_TOLERANCE': 1e-12, 'REFERENCE': 'RHF', 'SAPT__SAPT_LEVEL': 'SAPT0', 'SCF_TYPE': 'DF', 'function_kwargs': {}}}
2024-11-07:15:24:26,342 INFO     [psi4.driver.driver_nbody:952] 
  //>>>>>>>>>>>>>>>>>>>>>>>>>>>>>>>>>>>>>//
  // ManyBody Setup: N-Body Levels [1, 2]//
  //<<<<<<<<<<<<<<<<<<<<<<<<<<<<<<<<<<<<<//


2024-11-07:15:24:26,342 INFO     [psi4.driver.driver_nbody:513]         Number of 1-body computations:     2
        Number of 2-body computations:     1
2024-11-07:15:24:26,343 INFO     [psi4.driver.driver_nbody:1014] 
  //>>>>>>>>>>>>>>>>>>>>>>>>>>>>>>>>>>>//
  //       ManyBody Computations       //
  //<<<<<<<<<<<<<<<<<<<<<<<<<<<<<<<<<<<//


2024-11-07:15:24:26,357 INFO     [psi4.driver.task_base:159] <<< JSON launch ... c2v 0.0
2024-11-07:15:24:26,377 INFO     [psi4.driver.task_planner:283] PLANNING Atomic:  keywords={'DF_INTS_IO': 'NONE', 'SAPT__D_CONVERGENCE': 1e-09, 'SAPT__E_CONVERGENCE': 1e-09, 'FREEZE_CORE': '1', 'SCF__INTS_TOLERANCE': 1e-12, 'REFERENCE': 'RHF', 'SAPT__SAPT_LEVEL': 'SAPT0', 'SCF_TYPE': 'DF', 'function_kwargs': {}}
2024-11-07:15:24:26,379 INFO     [psi4.driver.driver:499] Compute energy(): method=ccsd(t), basis=aug-cc-pvdz, molecule=Ne2, nre=0.0
2024-11-07:15:24:26,958 INFO     [psi4.driver.driver:502] Return energy(): -128.70937284019794
2024-11-07:15:24:26,970 INFO     [psi4.driver.task_base:159] <<< JSON launch ... c2v 0.0
2024-11-07:15:24:26,990 INFO     [psi4.driver.task_planner:283] PLANNING Atomic:  keywords={'DF_INTS_IO': 'NONE', 'SAPT__D_CONVERGENCE': 1e-09, 'SAPT__E_CONVERGENCE': 1e-09, 'FREEZE_CORE': '1', 'SCF__INTS_TOLERANCE': 1e-12, 'REFERENCE': 'RHF', 'SAPT__SAPT_LEVEL': 'SAPT0', 'SCF_TYPE': 'DF', 'function_kwargs': {}}
2024-11-07:15:24:26,991 INFO     [psi4.driver.driver:499] Compute energy(): method=ccsd(t), basis=aug-cc-pvdz, molecule=Ne2, nre=0.0
2024-11-07:15:24:27,555 INFO     [psi4.driver.driver:502] Return energy(): -128.709372840198
2024-11-07:15:24:27,566 INFO     [psi4.driver.task_base:159] <<< JSON launch ... d2h 17.63924035566667
2024-11-07:15:24:27,585 INFO     [psi4.driver.task_planner:283] PLANNING Atomic:  keywords={'DF_INTS_IO': 'NONE', 'SAPT__D_CONVERGENCE': 1e-09, 'SAPT__E_CONVERGENCE': 1e-09, 'FREEZE_CORE': '1', 'SCF__INTS_TOLERANCE': 1e-12, 'REFERENCE': 'RHF', 'SAPT__SAPT_LEVEL': 'SAPT0', 'SCF_TYPE': 'DF', 'function_kwargs': {}}
2024-11-07:15:24:27,587 INFO     [psi4.driver.driver:499] Compute energy(): method=ccsd(t), basis=aug-cc-pvdz, molecule=Ne2, nre=17.63924035566667
2024-11-07:15:24:28,189 INFO     [psi4.driver.driver:502] Return energy(): -257.4187202339188
2024-11-07:15:24:28,200 INFO     [psi4.driver.driver_nbody:1364] 
  //>>>>>>>>>>>>>>>>>>>>>>>>>>>>>>>>>>>//
  //          ManyBody Results         //
  //<<<<<<<<<<<<<<<<<<<<<<<<<<<<<<<<<<<//


2024-11-07:15:24:28,201 INFO     [psi4.driver.driver_nbody:394] 
   ==> N-Body: Counterpoise Corrected (CP) energies <==

        n-Body     Total Energy            Interaction Energy                          N-body Contribution to Interaction Energy
                   [Eh]                    [Eh]                  [kcal/mol]            [Eh]                  [kcal/mol]
             1  N/A                         0.000000000000        0.000000000000        0.000000000000        0.000000000000
  FULL/RTN   2  N/A                         0.000025446477        0.015967905479        0.000025446477        0.015967905479


2024-11-07:15:24:28,238 INFO     [psi4.driver.task_planner:235] PLANNING MB:  mc_level_idx=0 packet={'driver': 'energy', 'method': 'ccsd(t)', 'basis': 'aug-cc-pvdz', 'keywords': {'DF_INTS_IO': 'NONE', 'SAPT__D_CONVERGENCE': 1e-09, 'SAPT__E_CONVERGENCE': 1e-09, 'FREEZE_CORE': '1', 'SCF__INTS_TOLERANCE': 1e-12, 'REFERENCE': 'RHF', 'SAPT__SAPT_LEVEL': 'SAPT0', 'SCF_TYPE': 'DF', 'function_kwargs': {}}}
2024-11-07:15:24:28,238 INFO     [psi4.driver.driver_nbody:952] 
  //>>>>>>>>>>>>>>>>>>>>>>>>>>>>>>>>>>>>>//
  // ManyBody Setup: N-Body Levels [1, 2]//
  //<<<<<<<<<<<<<<<<<<<<<<<<<<<<<<<<<<<<<//


2024-11-07:15:24:28,238 INFO     [psi4.driver.driver_nbody:513]         Number of 1-body computations:     2
        Number of 2-body computations:     1
2024-11-07:15:24:28,239 INFO     [psi4.driver.driver_nbody:1014] 
  //>>>>>>>>>>>>>>>>>>>>>>>>>>>>>>>>>>>//
  //       ManyBody Computations       //
  //<<<<<<<<<<<<<<<<<<<<<<<<<<<<<<<<<<<//


2024-11-07:15:24:28,253 INFO     [psi4.driver.task_base:159] <<< JSON launch ... c2v 0.0
2024-11-07:15:24:28,272 INFO     [psi4.driver.task_planner:283] PLANNING Atomic:  keywords={'DF_INTS_IO': 'NONE', 'SAPT__D_CONVERGENCE': 1e-09, 'SAPT__E_CONVERGENCE': 1e-09, 'FREEZE_CORE': '1', 'SCF__INTS_TOLERANCE': 1e-12, 'REFERENCE': 'RHF', 'SAPT__SAPT_LEVEL': 'SAPT0', 'SCF_TYPE': 'DF', 'function_kwargs': {}}
2024-11-07:15:24:28,274 INFO     [psi4.driver.driver:499] Compute energy(): method=ccsd(t), basis=aug-cc-pvdz, molecule=Ne2, nre=0.0
2024-11-07:15:24:28,830 INFO     [psi4.driver.driver:502] Return energy(): -128.7093153140528
2024-11-07:15:24:28,841 INFO     [psi4.driver.task_base:159] <<< JSON launch ... c2v 0.0
2024-11-07:15:24:28,860 INFO     [psi4.driver.task_planner:283] PLANNING Atomic:  keywords={'DF_INTS_IO': 'NONE', 'SAPT__D_CONVERGENCE': 1e-09, 'SAPT__E_CONVERGENCE': 1e-09, 'FREEZE_CORE': '1', 'SCF__INTS_TOLERANCE': 1e-12, 'REFERENCE': 'RHF', 'SAPT__SAPT_LEVEL': 'SAPT0', 'SCF_TYPE': 'DF', 'function_kwargs': {}}
2024-11-07:15:24:28,862 INFO     [psi4.driver.driver:499] Compute energy(): method=ccsd(t), basis=aug-cc-pvdz, molecule=Ne2, nre=0.0
2024-11-07:15:24:29,419 INFO     [psi4.driver.driver:502] Return energy(): -128.70931531405287
2024-11-07:15:24:29,430 INFO     [psi4.driver.task_base:159] <<< JSON launch ... d2h 13.229430266749993
2024-11-07:15:24:29,450 INFO     [psi4.driver.task_planner:283] PLANNING Atomic:  keywords={'DF_INTS_IO': 'NONE', 'SAPT__D_CONVERGENCE': 1e-09, 'SAPT__E_CONVERGENCE': 1e-09, 'FREEZE_CORE': '1', 'SCF__INTS_TOLERANCE': 1e-12, 'REFERENCE': 'RHF', 'SAPT__SAPT_LEVEL': 'SAPT0', 'SCF_TYPE': 'DF', 'function_kwargs': {}}
2024-11-07:15:24:29,451 INFO     [psi4.driver.driver:499] Compute energy(): method=ccsd(t), basis=aug-cc-pvdz, molecule=Ne2, nre=13.229430266749995
2024-11-07:15:24:30,55 INFO     [psi4.driver.driver:502] Return energy(): -257.41865646806417
2024-11-07:15:24:30,67 INFO     [psi4.driver.driver_nbody:1364] 
  //>>>>>>>>>>>>>>>>>>>>>>>>>>>>>>>>>>>//
  //          ManyBody Results         //
  //<<<<<<<<<<<<<<<<<<<<<<<<<<<<<<<<<<<//


2024-11-07:15:24:30,68 INFO     [psi4.driver.driver_nbody:394] 
   ==> N-Body: Counterpoise Corrected (CP) energies <==

        n-Body     Total Energy            Interaction Energy                          N-body Contribution to Interaction Energy
                   [Eh]                    [Eh]                  [kcal/mol]            [Eh]                  [kcal/mol]
             1  N/A                         0.000000000000        0.000000000000        0.000000000000        0.000000000000
  FULL/RTN   2  N/A                        -0.000025839958       -0.016214818750       -0.000025839958       -0.016214818750


2024-11-07:15:30:24,358 INFO     [psi4.driver.task_planner:235] PLANNING MB:  mc_level_idx=0 packet={'driver': 'energy', 'method': 'ccsd(t)', 'basis': 'aug-cc-pvdz', 'keywords': {'DF_INTS_IO': 'NONE', 'SAPT__D_CONVERGENCE': 1e-09, 'SAPT__E_CONVERGENCE': 1e-09, 'FREEZE_CORE': '1', 'SCF__INTS_TOLERANCE': 1e-12, 'REFERENCE': 'RHF', 'SAPT__SAPT_LEVEL': 'SAPT0', 'SCF_TYPE': 'DF', 'function_kwargs': {}}}
2024-11-07:15:30:24,376 INFO     [psi4.driver.driver_nbody:952] 
  //>>>>>>>>>>>>>>>>>>>>>>>>>>>>>>>>>>>>>//
  // ManyBody Setup: N-Body Levels [1, 2]//
  //<<<<<<<<<<<<<<<<<<<<<<<<<<<<<<<<<<<<<//


2024-11-07:15:30:24,376 INFO     [psi4.driver.driver_nbody:513]         Number of 1-body computations:     2
        Number of 2-body computations:     1
2024-11-07:15:30:24,377 INFO     [psi4.driver.driver_nbody:1014] 
  //>>>>>>>>>>>>>>>>>>>>>>>>>>>>>>>>>>>//
  //       ManyBody Computations       //
  //<<<<<<<<<<<<<<<<<<<<<<<<<<<<<<<<<<<//


2024-11-07:15:30:24,392 INFO     [psi4.driver.task_base:159] <<< JSON launch ... c2v 0.0
2024-11-07:15:30:24,413 INFO     [psi4.driver.task_planner:283] PLANNING Atomic:  keywords={'DF_INTS_IO': 'NONE', 'SAPT__D_CONVERGENCE': 1e-09, 'SAPT__E_CONVERGENCE': 1e-09, 'FREEZE_CORE': '1', 'SCF__INTS_TOLERANCE': 1e-12, 'REFERENCE': 'RHF', 'SAPT__SAPT_LEVEL': 'SAPT0', 'SCF_TYPE': 'DF', 'function_kwargs': {}}
2024-11-07:15:30:24,415 INFO     [psi4.driver.driver:499] Compute energy(): method=ccsd(t), basis=aug-cc-pvdz, molecule=Ar2, nre=0.0
2024-11-07:15:30:26,80 INFO     [psi4.driver.driver:502] Return energy(): -526.9697977588032
2024-11-07:15:30:26,138 INFO     [psi4.driver.task_base:159] <<< JSON launch ... c2v 0.0
2024-11-07:15:30:26,158 INFO     [psi4.driver.task_planner:283] PLANNING Atomic:  keywords={'DF_INTS_IO': 'NONE', 'SAPT__D_CONVERGENCE': 1e-09, 'SAPT__E_CONVERGENCE': 1e-09, 'FREEZE_CORE': '1', 'SCF__INTS_TOLERANCE': 1e-12, 'REFERENCE': 'RHF', 'SAPT__SAPT_LEVEL': 'SAPT0', 'SCF_TYPE': 'DF', 'function_kwargs': {}}
2024-11-07:15:30:26,160 INFO     [psi4.driver.driver:499] Compute energy(): method=ccsd(t), basis=aug-cc-pvdz, molecule=Ar2, nre=0.0
2024-11-07:15:30:27,787 INFO     [psi4.driver.driver:502] Return energy(): -526.9697977588023
2024-11-07:15:30:27,801 INFO     [psi4.driver.task_base:159] <<< JSON launch ... d2h 48.986690359165706
2024-11-07:15:30:27,821 INFO     [psi4.driver.task_planner:283] PLANNING Atomic:  keywords={'DF_INTS_IO': 'NONE', 'SAPT__D_CONVERGENCE': 1e-09, 'SAPT__E_CONVERGENCE': 1e-09, 'FREEZE_CORE': '1', 'SCF__INTS_TOLERANCE': 1e-12, 'REFERENCE': 'RHF', 'SAPT__SAPT_LEVEL': 'SAPT0', 'SCF_TYPE': 'DF', 'function_kwargs': {}}
2024-11-07:15:30:27,822 INFO     [psi4.driver.driver:499] Compute energy(): method=ccsd(t), basis=aug-cc-pvdz, molecule=Ar2, nre=48.986690359165706
2024-11-07:15:30:29,132 INFO     [psi4.driver.driver:502] Return energy(): -1053.9393248919305
2024-11-07:15:30:29,143 INFO     [psi4.driver.driver_nbody:1364] 
  //>>>>>>>>>>>>>>>>>>>>>>>>>>>>>>>>>>>//
  //          ManyBody Results         //
  //<<<<<<<<<<<<<<<<<<<<<<<<<<<<<<<<<<<//


2024-11-07:15:30:29,144 INFO     [psi4.driver.driver_nbody:394] 
   ==> N-Body: Counterpoise Corrected (CP) energies <==

        n-Body     Total Energy            Interaction Energy                          N-body Contribution to Interaction Energy
                   [Eh]                    [Eh]                  [kcal/mol]            [Eh]                  [kcal/mol]
             1  N/A                         0.000000000000        0.000000000000        0.000000000000        0.000000000000
  FULL/RTN   2  N/A                         0.000270625675        0.169820174946        0.000270625675        0.169820174946


2024-11-07:15:30:29,182 INFO     [psi4.driver.task_planner:235] PLANNING MB:  mc_level_idx=0 packet={'driver': 'energy', 'method': 'ccsd(t)', 'basis': 'aug-cc-pvdz', 'keywords': {'DF_INTS_IO': 'NONE', 'SAPT__D_CONVERGENCE': 1e-09, 'SAPT__E_CONVERGENCE': 1e-09, 'FREEZE_CORE': '1', 'SCF__INTS_TOLERANCE': 1e-12, 'REFERENCE': 'RHF', 'SAPT__SAPT_LEVEL': 'SAPT0', 'SCF_TYPE': 'DF', 'function_kwargs': {}}}
2024-11-07:15:30:29,182 INFO     [psi4.driver.driver_nbody:952] 
  //>>>>>>>>>>>>>>>>>>>>>>>>>>>>>>>>>>>>>//
  // ManyBody Setup: N-Body Levels [1, 2]//
  //<<<<<<<<<<<<<<<<<<<<<<<<<<<<<<<<<<<<<//


2024-11-07:15:30:29,182 INFO     [psi4.driver.driver_nbody:513]         Number of 1-body computations:     2
        Number of 2-body computations:     1
2024-11-07:15:30:29,183 INFO     [psi4.driver.driver_nbody:1014] 
  //>>>>>>>>>>>>>>>>>>>>>>>>>>>>>>>>>>>//
  //       ManyBody Computations       //
  //<<<<<<<<<<<<<<<<<<<<<<<<<<<<<<<<<<<//


2024-11-07:15:30:29,198 INFO     [psi4.driver.task_base:159] <<< JSON launch ... c2v 0.0
2024-11-07:15:30:29,217 INFO     [psi4.driver.task_planner:283] PLANNING Atomic:  keywords={'DF_INTS_IO': 'NONE', 'SAPT__D_CONVERGENCE': 1e-09, 'SAPT__E_CONVERGENCE': 1e-09, 'FREEZE_CORE': '1', 'SCF__INTS_TOLERANCE': 1e-12, 'REFERENCE': 'RHF', 'SAPT__SAPT_LEVEL': 'SAPT0', 'SCF_TYPE': 'DF', 'function_kwargs': {}}
2024-11-07:15:30:29,219 INFO     [psi4.driver.driver:499] Compute energy(): method=ccsd(t), basis=aug-cc-pvdz, molecule=Ar2, nre=0.0
2024-11-07:15:30:30,832 INFO     [psi4.driver.driver:502] Return energy(): -526.9697699669632
2024-11-07:15:30:30,844 INFO     [psi4.driver.task_base:159] <<< JSON launch ... c2v 0.0
2024-11-07:15:30:30,864 INFO     [psi4.driver.task_planner:283] PLANNING Atomic:  keywords={'DF_INTS_IO': 'NONE', 'SAPT__D_CONVERGENCE': 1e-09, 'SAPT__E_CONVERGENCE': 1e-09, 'FREEZE_CORE': '1', 'SCF__INTS_TOLERANCE': 1e-12, 'REFERENCE': 'RHF', 'SAPT__SAPT_LEVEL': 'SAPT0', 'SCF_TYPE': 'DF', 'function_kwargs': {}}
2024-11-07:15:30:30,865 INFO     [psi4.driver.driver:499] Compute energy(): method=ccsd(t), basis=aug-cc-pvdz, molecule=Ar2, nre=0.0
2024-11-07:15:30:32,489 INFO     [psi4.driver.driver:502] Return energy(): -526.9697699669634
2024-11-07:15:30:32,503 INFO     [psi4.driver.task_base:159] <<< JSON launch ... d2h 45.38472783275646
2024-11-07:15:30:32,523 INFO     [psi4.driver.task_planner:283] PLANNING Atomic:  keywords={'DF_INTS_IO': 'NONE', 'SAPT__D_CONVERGENCE': 1e-09, 'SAPT__E_CONVERGENCE': 1e-09, 'FREEZE_CORE': '1', 'SCF__INTS_TOLERANCE': 1e-12, 'REFERENCE': 'RHF', 'SAPT__SAPT_LEVEL': 'SAPT0', 'SCF_TYPE': 'DF', 'function_kwargs': {}}
2024-11-07:15:30:32,525 INFO     [psi4.driver.driver:499] Compute energy(): method=ccsd(t), basis=aug-cc-pvdz, molecule=Ar2, nre=45.38472783275646
2024-11-07:15:30:33,921 INFO     [psi4.driver.driver:502] Return energy(): -1053.939669238931
2024-11-07:15:30:33,931 INFO     [psi4.driver.driver_nbody:1364] 
  //>>>>>>>>>>>>>>>>>>>>>>>>>>>>>>>>>>>//
  //          ManyBody Results         //
  //<<<<<<<<<<<<<<<<<<<<<<<<<<<<<<<<<<<//


2024-11-07:15:30:33,932 INFO     [psi4.driver.driver_nbody:394] 
   ==> N-Body: Counterpoise Corrected (CP) energies <==

        n-Body     Total Energy            Interaction Energy                          N-body Contribution to Interaction Energy
                   [Eh]                    [Eh]                  [kcal/mol]            [Eh]                  [kcal/mol]
             1  N/A                         0.000000000000        0.000000000000        0.000000000000        0.000000000000
  FULL/RTN   2  N/A                        -0.000129305004       -0.081140115201       -0.000129305004       -0.081140115201


2024-11-07:15:30:33,968 INFO     [psi4.driver.task_planner:235] PLANNING MB:  mc_level_idx=0 packet={'driver': 'energy', 'method': 'ccsd(t)', 'basis': 'aug-cc-pvdz', 'keywords': {'DF_INTS_IO': 'NONE', 'SAPT__D_CONVERGENCE': 1e-09, 'SAPT__E_CONVERGENCE': 1e-09, 'FREEZE_CORE': '1', 'SCF__INTS_TOLERANCE': 1e-12, 'REFERENCE': 'RHF', 'SAPT__SAPT_LEVEL': 'SAPT0', 'SCF_TYPE': 'DF', 'function_kwargs': {}}}
2024-11-07:15:30:33,969 INFO     [psi4.driver.driver_nbody:952] 
  //>>>>>>>>>>>>>>>>>>>>>>>>>>>>>>>>>>>>>//
  // ManyBody Setup: N-Body Levels [1, 2]//
  //<<<<<<<<<<<<<<<<<<<<<<<<<<<<<<<<<<<<<//


2024-11-07:15:30:33,969 INFO     [psi4.driver.driver_nbody:513]         Number of 1-body computations:     2
        Number of 2-body computations:     1
2024-11-07:15:30:33,970 INFO     [psi4.driver.driver_nbody:1014] 
  //>>>>>>>>>>>>>>>>>>>>>>>>>>>>>>>>>>>//
  //       ManyBody Computations       //
  //<<<<<<<<<<<<<<<<<<<<<<<<<<<<<<<<<<<//


2024-11-07:15:30:33,984 INFO     [psi4.driver.task_base:159] <<< JSON launch ... c2v 0.0
2024-11-07:15:30:34,4 INFO     [psi4.driver.task_planner:283] PLANNING Atomic:  keywords={'DF_INTS_IO': 'NONE', 'SAPT__D_CONVERGENCE': 1e-09, 'SAPT__E_CONVERGENCE': 1e-09, 'FREEZE_CORE': '1', 'SCF__INTS_TOLERANCE': 1e-12, 'REFERENCE': 'RHF', 'SAPT__SAPT_LEVEL': 'SAPT0', 'SCF_TYPE': 'DF', 'function_kwargs': {}}
2024-11-07:15:30:34,6 INFO     [psi4.driver.driver:499] Compute energy(): method=ccsd(t), basis=aug-cc-pvdz, molecule=Ar2, nre=0.0
2024-11-07:15:30:35,636 INFO     [psi4.driver.driver:502] Return energy(): -526.9697575831549
2024-11-07:15:30:35,648 INFO     [psi4.driver.task_base:159] <<< JSON launch ... c2v 0.0
2024-11-07:15:30:35,668 INFO     [psi4.driver.task_planner:283] PLANNING Atomic:  keywords={'DF_INTS_IO': 'NONE', 'SAPT__D_CONVERGENCE': 1e-09, 'SAPT__E_CONVERGENCE': 1e-09, 'FREEZE_CORE': '1', 'SCF__INTS_TOLERANCE': 1e-12, 'REFERENCE': 'RHF', 'SAPT__SAPT_LEVEL': 'SAPT0', 'SCF_TYPE': 'DF', 'function_kwargs': {}}
2024-11-07:15:30:35,669 INFO     [psi4.driver.driver:499] Compute energy(): method=ccsd(t), basis=aug-cc-pvdz, molecule=Ar2, nre=0.0
2024-11-07:15:30:37,298 INFO     [psi4.driver.driver:502] Return energy(): -526.9697575831544
2024-11-07:15:30:37,309 INFO     [psi4.driver.task_base:159] <<< JSON launch ... d2h 42.27618483051287
2024-11-07:15:30:37,329 INFO     [psi4.driver.task_planner:283] PLANNING Atomic:  keywords={'DF_INTS_IO': 'NONE', 'SAPT__D_CONVERGENCE': 1e-09, 'SAPT__E_CONVERGENCE': 1e-09, 'FREEZE_CORE': '1', 'SCF__INTS_TOLERANCE': 1e-12, 'REFERENCE': 'RHF', 'SAPT__SAPT_LEVEL': 'SAPT0', 'SCF_TYPE': 'DF', 'function_kwargs': {}}
2024-11-07:15:30:37,331 INFO     [psi4.driver.driver:499] Compute energy(): method=ccsd(t), basis=aug-cc-pvdz, molecule=Ar2, nre=42.27618483051287
2024-11-07:15:30:38,623 INFO     [psi4.driver.driver:502] Return energy(): -1053.9397132237052
2024-11-07:15:30:38,634 INFO     [psi4.driver.driver_nbody:1364] 
  //>>>>>>>>>>>>>>>>>>>>>>>>>>>>>>>>>>>//
  //          ManyBody Results         //
  //<<<<<<<<<<<<<<<<<<<<<<<<<<<<<<<<<<<//


2024-11-07:15:30:38,635 INFO     [psi4.driver.driver_nbody:394] 
   ==> N-Body: Counterpoise Corrected (CP) energies <==

        n-Body     Total Energy            Interaction Energy                          N-body Contribution to Interaction Energy
                   [Eh]                    [Eh]                  [kcal/mol]            [Eh]                  [kcal/mol]
             1  N/A                         0.000000000000        0.000000000000        0.000000000000        0.000000000000
  FULL/RTN   2  N/A                        -0.000198057396       -0.124282892274       -0.000198057396       -0.124282892274


2024-11-07:15:30:38,672 INFO     [psi4.driver.task_planner:235] PLANNING MB:  mc_level_idx=0 packet={'driver': 'energy', 'method': 'ccsd(t)', 'basis': 'aug-cc-pvdz', 'keywords': {'DF_INTS_IO': 'NONE', 'SAPT__D_CONVERGENCE': 1e-09, 'SAPT__E_CONVERGENCE': 1e-09, 'FREEZE_CORE': '1', 'SCF__INTS_TOLERANCE': 1e-12, 'REFERENCE': 'RHF', 'SAPT__SAPT_LEVEL': 'SAPT0', 'SCF_TYPE': 'DF', 'function_kwargs': {}}}
2024-11-07:15:30:38,672 INFO     [psi4.driver.driver_nbody:952] 
  //>>>>>>>>>>>>>>>>>>>>>>>>>>>>>>>>>>>>>//
  // ManyBody Setup: N-Body Levels [1, 2]//
  //<<<<<<<<<<<<<<<<<<<<<<<<<<<<<<<<<<<<<//


2024-11-07:15:30:38,672 INFO     [psi4.driver.driver_nbody:513]         Number of 1-body computations:     2
        Number of 2-body computations:     1
2024-11-07:15:30:38,673 INFO     [psi4.driver.driver_nbody:1014] 
  //>>>>>>>>>>>>>>>>>>>>>>>>>>>>>>>>>>>//
  //       ManyBody Computations       //
  //<<<<<<<<<<<<<<<<<<<<<<<<<<<<<<<<<<<//


2024-11-07:15:30:38,687 INFO     [psi4.driver.task_base:159] <<< JSON launch ... c2v 0.0
2024-11-07:15:30:38,707 INFO     [psi4.driver.task_planner:283] PLANNING Atomic:  keywords={'DF_INTS_IO': 'NONE', 'SAPT__D_CONVERGENCE': 1e-09, 'SAPT__E_CONVERGENCE': 1e-09, 'FREEZE_CORE': '1', 'SCF__INTS_TOLERANCE': 1e-12, 'REFERENCE': 'RHF', 'SAPT__SAPT_LEVEL': 'SAPT0', 'SCF_TYPE': 'DF', 'function_kwargs': {}}
2024-11-07:15:30:38,709 INFO     [psi4.driver.driver:499] Compute energy(): method=ccsd(t), basis=aug-cc-pvdz, molecule=Ar2, nre=0.0
2024-11-07:15:30:40,347 INFO     [psi4.driver.driver:502] Return energy(): -526.9697448399536
2024-11-07:15:30:40,360 INFO     [psi4.driver.task_base:159] <<< JSON launch ... c2v 0.0
2024-11-07:15:30:40,381 INFO     [psi4.driver.task_planner:283] PLANNING Atomic:  keywords={'DF_INTS_IO': 'NONE', 'SAPT__D_CONVERGENCE': 1e-09, 'SAPT__E_CONVERGENCE': 1e-09, 'FREEZE_CORE': '1', 'SCF__INTS_TOLERANCE': 1e-12, 'REFERENCE': 'RHF', 'SAPT__SAPT_LEVEL': 'SAPT0', 'SCF_TYPE': 'DF', 'function_kwargs': {}}
2024-11-07:15:30:40,383 INFO     [psi4.driver.driver:499] Compute energy(): method=ccsd(t), basis=aug-cc-pvdz, molecule=Ar2, nre=0.0
2024-11-07:15:30:41,999 INFO     [psi4.driver.driver:502] Return energy(): -526.9697448399531
2024-11-07:15:30:42,11 INFO     [psi4.driver.task_base:159] <<< JSON launch ... d2h 39.56617298240308
2024-11-07:15:30:42,30 INFO     [psi4.driver.task_planner:283] PLANNING Atomic:  keywords={'DF_INTS_IO': 'NONE', 'SAPT__D_CONVERGENCE': 1e-09, 'SAPT__E_CONVERGENCE': 1e-09, 'FREEZE_CORE': '1', 'SCF__INTS_TOLERANCE': 1e-12, 'REFERENCE': 'RHF', 'SAPT__SAPT_LEVEL': 'SAPT0', 'SCF_TYPE': 'DF', 'function_kwargs': {}}
2024-11-07:15:30:42,31 INFO     [psi4.driver.driver:499] Compute energy(): method=ccsd(t), basis=aug-cc-pvdz, molecule=Ar2, nre=39.56617298240308
2024-11-07:15:30:43,323 INFO     [psi4.driver.driver:502] Return energy(): -1053.9396648480283
2024-11-07:15:30:43,334 INFO     [psi4.driver.driver_nbody:1364] 
  //>>>>>>>>>>>>>>>>>>>>>>>>>>>>>>>>>>>//
  //          ManyBody Results         //
  //<<<<<<<<<<<<<<<<<<<<<<<<<<<<<<<<<<<//


2024-11-07:15:30:43,335 INFO     [psi4.driver.driver_nbody:394] 
   ==> N-Body: Counterpoise Corrected (CP) energies <==

        n-Body     Total Energy            Interaction Energy                          N-body Contribution to Interaction Energy
                   [Eh]                    [Eh]                  [kcal/mol]            [Eh]                  [kcal/mol]
             1  N/A                         0.000000000000        0.000000000000        0.000000000000        0.000000000000
  FULL/RTN   2  N/A                        -0.000175168122       -0.109919655799       -0.000175168122       -0.109919655799


2024-11-07:15:30:43,372 INFO     [psi4.driver.task_planner:235] PLANNING MB:  mc_level_idx=0 packet={'driver': 'energy', 'method': 'ccsd(t)', 'basis': 'aug-cc-pvdz', 'keywords': {'DF_INTS_IO': 'NONE', 'SAPT__D_CONVERGENCE': 1e-09, 'SAPT__E_CONVERGENCE': 1e-09, 'FREEZE_CORE': '1', 'SCF__INTS_TOLERANCE': 1e-12, 'REFERENCE': 'RHF', 'SAPT__SAPT_LEVEL': 'SAPT0', 'SCF_TYPE': 'DF', 'function_kwargs': {}}}
2024-11-07:15:30:43,372 INFO     [psi4.driver.driver_nbody:952] 
  //>>>>>>>>>>>>>>>>>>>>>>>>>>>>>>>>>>>>>//
  // ManyBody Setup: N-Body Levels [1, 2]//
  //<<<<<<<<<<<<<<<<<<<<<<<<<<<<<<<<<<<<<//


2024-11-07:15:30:43,372 INFO     [psi4.driver.driver_nbody:513]         Number of 1-body computations:     2
        Number of 2-body computations:     1
2024-11-07:15:30:43,373 INFO     [psi4.driver.driver_nbody:1014] 
  //>>>>>>>>>>>>>>>>>>>>>>>>>>>>>>>>>>>//
  //       ManyBody Computations       //
  //<<<<<<<<<<<<<<<<<<<<<<<<<<<<<<<<<<<//


2024-11-07:15:30:43,388 INFO     [psi4.driver.task_base:159] <<< JSON launch ... c2v 0.0
2024-11-07:15:30:43,408 INFO     [psi4.driver.task_planner:283] PLANNING Atomic:  keywords={'DF_INTS_IO': 'NONE', 'SAPT__D_CONVERGENCE': 1e-09, 'SAPT__E_CONVERGENCE': 1e-09, 'FREEZE_CORE': '1', 'SCF__INTS_TOLERANCE': 1e-12, 'REFERENCE': 'RHF', 'SAPT__SAPT_LEVEL': 'SAPT0', 'SCF_TYPE': 'DF', 'function_kwargs': {}}
2024-11-07:15:30:43,409 INFO     [psi4.driver.driver:499] Compute energy(): method=ccsd(t), basis=aug-cc-pvdz, molecule=Ar2, nre=0.0
2024-11-07:15:30:45,37 INFO     [psi4.driver.driver:502] Return energy(): -526.969732133432
2024-11-07:15:30:45,48 INFO     [psi4.driver.task_base:159] <<< JSON launch ... c2v 0.0
2024-11-07:15:30:45,68 INFO     [psi4.driver.task_planner:283] PLANNING Atomic:  keywords={'DF_INTS_IO': 'NONE', 'SAPT__D_CONVERGENCE': 1e-09, 'SAPT__E_CONVERGENCE': 1e-09, 'FREEZE_CORE': '1', 'SCF__INTS_TOLERANCE': 1e-12, 'REFERENCE': 'RHF', 'SAPT__SAPT_LEVEL': 'SAPT0', 'SCF_TYPE': 'DF', 'function_kwargs': {}}
2024-11-07:15:30:45,70 INFO     [psi4.driver.driver:499] Compute energy(): method=ccsd(t), basis=aug-cc-pvdz, molecule=Ar2, nre=0.0
2024-11-07:15:30:46,678 INFO     [psi4.driver.driver:502] Return energy(): -526.9697321334319
2024-11-07:15:30:46,689 INFO     [psi4.driver.task_base:159] <<< JSON launch ... d2h 37.182668585872776
2024-11-07:15:30:46,708 INFO     [psi4.driver.task_planner:283] PLANNING Atomic:  keywords={'DF_INTS_IO': 'NONE', 'SAPT__D_CONVERGENCE': 1e-09, 'SAPT__E_CONVERGENCE': 1e-09, 'FREEZE_CORE': '1', 'SCF__INTS_TOLERANCE': 1e-12, 'REFERENCE': 'RHF', 'SAPT__SAPT_LEVEL': 'SAPT0', 'SCF_TYPE': 'DF', 'function_kwargs': {}}
2024-11-07:15:30:46,710 INFO     [psi4.driver.driver:499] Compute energy(): method=ccsd(t), basis=aug-cc-pvdz, molecule=Ar2, nre=37.182668585872776
2024-11-07:15:30:48,3 INFO     [psi4.driver.driver:502] Return energy(): -1053.9396001480225
2024-11-07:15:30:48,16 INFO     [psi4.driver.driver_nbody:1364] 
  //>>>>>>>>>>>>>>>>>>>>>>>>>>>>>>>>>>>//
  //          ManyBody Results         //
  //<<<<<<<<<<<<<<<<<<<<<<<<<<<<<<<<<<<//


2024-11-07:15:30:48,17 INFO     [psi4.driver.driver_nbody:394] 
   ==> N-Body: Counterpoise Corrected (CP) energies <==

        n-Body     Total Energy            Interaction Energy                          N-body Contribution to Interaction Energy
                   [Eh]                    [Eh]                  [kcal/mol]            [Eh]                  [kcal/mol]
             1  N/A                         0.000000000000        0.000000000000        0.000000000000        0.000000000000
  FULL/RTN   2  N/A                        -0.000135881158       -0.085266714257       -0.000135881158       -0.085266714257


2024-11-07:15:30:48,55 INFO     [psi4.driver.task_planner:235] PLANNING MB:  mc_level_idx=0 packet={'driver': 'energy', 'method': 'ccsd(t)', 'basis': 'aug-cc-pvdz', 'keywords': {'DF_INTS_IO': 'NONE', 'SAPT__D_CONVERGENCE': 1e-09, 'SAPT__E_CONVERGENCE': 1e-09, 'FREEZE_CORE': '1', 'SCF__INTS_TOLERANCE': 1e-12, 'REFERENCE': 'RHF', 'SAPT__SAPT_LEVEL': 'SAPT0', 'SCF_TYPE': 'DF', 'function_kwargs': {}}}
2024-11-07:15:30:48,55 INFO     [psi4.driver.driver_nbody:952] 
  //>>>>>>>>>>>>>>>>>>>>>>>>>>>>>>>>>>>>>//
  // ManyBody Setup: N-Body Levels [1, 2]//
  //<<<<<<<<<<<<<<<<<<<<<<<<<<<<<<<<<<<<<//


2024-11-07:15:30:48,55 INFO     [psi4.driver.driver_nbody:513]         Number of 1-body computations:     2
        Number of 2-body computations:     1
2024-11-07:15:30:48,58 INFO     [psi4.driver.driver_nbody:1014] 
  //>>>>>>>>>>>>>>>>>>>>>>>>>>>>>>>>>>>//
  //       ManyBody Computations       //
  //<<<<<<<<<<<<<<<<<<<<<<<<<<<<<<<<<<<//


2024-11-07:15:30:48,73 INFO     [psi4.driver.task_base:159] <<< JSON launch ... c2v 0.0
2024-11-07:15:30:48,93 INFO     [psi4.driver.task_planner:283] PLANNING Atomic:  keywords={'DF_INTS_IO': 'NONE', 'SAPT__D_CONVERGENCE': 1e-09, 'SAPT__E_CONVERGENCE': 1e-09, 'FREEZE_CORE': '1', 'SCF__INTS_TOLERANCE': 1e-12, 'REFERENCE': 'RHF', 'SAPT__SAPT_LEVEL': 'SAPT0', 'SCF_TYPE': 'DF', 'function_kwargs': {}}
2024-11-07:15:30:48,95 INFO     [psi4.driver.driver:499] Compute energy(): method=ccsd(t), basis=aug-cc-pvdz, molecule=Ar2, nre=0.0
2024-11-07:15:30:49,708 INFO     [psi4.driver.driver:502] Return energy(): -526.969721480653
2024-11-07:15:30:49,720 INFO     [psi4.driver.task_base:159] <<< JSON launch ... c2v 0.0
2024-11-07:15:30:49,739 INFO     [psi4.driver.task_planner:283] PLANNING Atomic:  keywords={'DF_INTS_IO': 'NONE', 'SAPT__D_CONVERGENCE': 1e-09, 'SAPT__E_CONVERGENCE': 1e-09, 'FREEZE_CORE': '1', 'SCF__INTS_TOLERANCE': 1e-12, 'REFERENCE': 'RHF', 'SAPT__SAPT_LEVEL': 'SAPT0', 'SCF_TYPE': 'DF', 'function_kwargs': {}}
2024-11-07:15:30:49,741 INFO     [psi4.driver.driver:499] Compute energy(): method=ccsd(t), basis=aug-cc-pvdz, molecule=Ar2, nre=0.0
2024-11-07:15:30:51,370 INFO     [psi4.driver.driver:502] Return energy(): -526.969721480652
2024-11-07:15:30:51,382 INFO     [psi4.driver.task_base:159] <<< JSON launch ... d2h 35.07001696167546
2024-11-07:15:30:51,403 INFO     [psi4.driver.task_planner:283] PLANNING Atomic:  keywords={'DF_INTS_IO': 'NONE', 'SAPT__D_CONVERGENCE': 1e-09, 'SAPT__E_CONVERGENCE': 1e-09, 'FREEZE_CORE': '1', 'SCF__INTS_TOLERANCE': 1e-12, 'REFERENCE': 'RHF', 'SAPT__SAPT_LEVEL': 'SAPT0', 'SCF_TYPE': 'DF', 'function_kwargs': {}}
2024-11-07:15:30:51,405 INFO     [psi4.driver.driver:499] Compute energy(): method=ccsd(t), basis=aug-cc-pvdz, molecule=Ar2, nre=35.07001696167546
2024-11-07:15:30:52,696 INFO     [psi4.driver.driver:502] Return energy(): -1053.9395438699398
2024-11-07:15:30:52,708 INFO     [psi4.driver.driver_nbody:1364] 
  //>>>>>>>>>>>>>>>>>>>>>>>>>>>>>>>>>>>//
  //          ManyBody Results         //
  //<<<<<<<<<<<<<<<<<<<<<<<<<<<<<<<<<<<//


2024-11-07:15:30:52,709 INFO     [psi4.driver.driver_nbody:394] 
   ==> N-Body: Counterpoise Corrected (CP) energies <==

        n-Body     Total Energy            Interaction Energy                          N-body Contribution to Interaction Energy
                   [Eh]                    [Eh]                  [kcal/mol]            [Eh]                  [kcal/mol]
             1  N/A                         0.000000000000        0.000000000000        0.000000000000        0.000000000000
  FULL/RTN   2  N/A                        -0.000100908635       -0.063321124434       -0.000100908635       -0.063321124434


2024-11-07:15:30:52,747 INFO     [psi4.driver.task_planner:235] PLANNING MB:  mc_level_idx=0 packet={'driver': 'energy', 'method': 'ccsd(t)', 'basis': 'aug-cc-pvdz', 'keywords': {'DF_INTS_IO': 'NONE', 'SAPT__D_CONVERGENCE': 1e-09, 'SAPT__E_CONVERGENCE': 1e-09, 'FREEZE_CORE': '1', 'SCF__INTS_TOLERANCE': 1e-12, 'REFERENCE': 'RHF', 'SAPT__SAPT_LEVEL': 'SAPT0', 'SCF_TYPE': 'DF', 'function_kwargs': {}}}
2024-11-07:15:30:52,747 INFO     [psi4.driver.driver_nbody:952] 
  //>>>>>>>>>>>>>>>>>>>>>>>>>>>>>>>>>>>>>//
  // ManyBody Setup: N-Body Levels [1, 2]//
  //<<<<<<<<<<<<<<<<<<<<<<<<<<<<<<<<<<<<<//


2024-11-07:15:30:52,747 INFO     [psi4.driver.driver_nbody:513]         Number of 1-body computations:     2
        Number of 2-body computations:     1
2024-11-07:15:30:52,748 INFO     [psi4.driver.driver_nbody:1014] 
  //>>>>>>>>>>>>>>>>>>>>>>>>>>>>>>>>>>>//
  //       ManyBody Computations       //
  //<<<<<<<<<<<<<<<<<<<<<<<<<<<<<<<<<<<//


2024-11-07:15:30:52,763 INFO     [psi4.driver.task_base:159] <<< JSON launch ... c2v 0.0
2024-11-07:15:30:52,783 INFO     [psi4.driver.task_planner:283] PLANNING Atomic:  keywords={'DF_INTS_IO': 'NONE', 'SAPT__D_CONVERGENCE': 1e-09, 'SAPT__E_CONVERGENCE': 1e-09, 'FREEZE_CORE': '1', 'SCF__INTS_TOLERANCE': 1e-12, 'REFERENCE': 'RHF', 'SAPT__SAPT_LEVEL': 'SAPT0', 'SCF_TYPE': 'DF', 'function_kwargs': {}}
2024-11-07:15:30:52,785 INFO     [psi4.driver.driver:499] Compute energy(): method=ccsd(t), basis=aug-cc-pvdz, molecule=Ar2, nre=0.0
2024-11-07:15:30:54,439 INFO     [psi4.driver.driver:502] Return energy(): -526.9697126832517
2024-11-07:15:30:54,451 INFO     [psi4.driver.task_base:159] <<< JSON launch ... c2v 0.0
2024-11-07:15:30:54,472 INFO     [psi4.driver.task_planner:283] PLANNING Atomic:  keywords={'DF_INTS_IO': 'NONE', 'SAPT__D_CONVERGENCE': 1e-09, 'SAPT__E_CONVERGENCE': 1e-09, 'FREEZE_CORE': '1', 'SCF__INTS_TOLERANCE': 1e-12, 'REFERENCE': 'RHF', 'SAPT__SAPT_LEVEL': 'SAPT0', 'SCF_TYPE': 'DF', 'function_kwargs': {}}
2024-11-07:15:30:54,473 INFO     [psi4.driver.driver:499] Compute energy(): method=ccsd(t), basis=aug-cc-pvdz, molecule=Ar2, nre=0.0
2024-11-07:15:30:56,117 INFO     [psi4.driver.driver:502] Return energy(): -526.9697126832522
2024-11-07:15:30:56,129 INFO     [psi4.driver.task_base:159] <<< JSON launch ... d2h 33.18453217878968
2024-11-07:15:30:56,149 INFO     [psi4.driver.task_planner:283] PLANNING Atomic:  keywords={'DF_INTS_IO': 'NONE', 'SAPT__D_CONVERGENCE': 1e-09, 'SAPT__E_CONVERGENCE': 1e-09, 'FREEZE_CORE': '1', 'SCF__INTS_TOLERANCE': 1e-12, 'REFERENCE': 'RHF', 'SAPT__SAPT_LEVEL': 'SAPT0', 'SCF_TYPE': 'DF', 'function_kwargs': {}}
2024-11-07:15:30:56,151 INFO     [psi4.driver.driver:499] Compute energy(): method=ccsd(t), basis=aug-cc-pvdz, molecule=Ar2, nre=33.18453217878968
2024-11-07:15:30:57,449 INFO     [psi4.driver.driver:502] Return energy(): -1053.9394993921494
2024-11-07:15:30:57,461 INFO     [psi4.driver.driver_nbody:1364] 
  //>>>>>>>>>>>>>>>>>>>>>>>>>>>>>>>>>>>//
  //          ManyBody Results         //
  //<<<<<<<<<<<<<<<<<<<<<<<<<<<<<<<<<<<//


2024-11-07:15:30:57,461 INFO     [psi4.driver.driver_nbody:394] 
   ==> N-Body: Counterpoise Corrected (CP) energies <==

        n-Body     Total Energy            Interaction Energy                          N-body Contribution to Interaction Energy
                   [Eh]                    [Eh]                  [kcal/mol]            [Eh]                  [kcal/mol]
             1  N/A                         0.000000000000        0.000000000000        0.000000000000        0.000000000000
  FULL/RTN   2  N/A                        -0.000074025646       -0.046451793865       -0.000074025646       -0.046451793865


2024-11-07:15:30:57,499 INFO     [psi4.driver.task_planner:235] PLANNING MB:  mc_level_idx=0 packet={'driver': 'energy', 'method': 'ccsd(t)', 'basis': 'aug-cc-pvdz', 'keywords': {'DF_INTS_IO': 'NONE', 'SAPT__D_CONVERGENCE': 1e-09, 'SAPT__E_CONVERGENCE': 1e-09, 'FREEZE_CORE': '1', 'SCF__INTS_TOLERANCE': 1e-12, 'REFERENCE': 'RHF', 'SAPT__SAPT_LEVEL': 'SAPT0', 'SCF_TYPE': 'DF', 'function_kwargs': {}}}
2024-11-07:15:30:57,499 INFO     [psi4.driver.driver_nbody:952] 
  //>>>>>>>>>>>>>>>>>>>>>>>>>>>>>>>>>>>>>//
  // ManyBody Setup: N-Body Levels [1, 2]//
  //<<<<<<<<<<<<<<<<<<<<<<<<<<<<<<<<<<<<<//


2024-11-07:15:30:57,499 INFO     [psi4.driver.driver_nbody:513]         Number of 1-body computations:     2
        Number of 2-body computations:     1
2024-11-07:15:30:57,500 INFO     [psi4.driver.driver_nbody:1014] 
  //>>>>>>>>>>>>>>>>>>>>>>>>>>>>>>>>>>>//
  //       ManyBody Computations       //
  //<<<<<<<<<<<<<<<<<<<<<<<<<<<<<<<<<<<//


2024-11-07:15:30:57,516 INFO     [psi4.driver.task_base:159] <<< JSON launch ... c2v 0.0
2024-11-07:15:30:57,536 INFO     [psi4.driver.task_planner:283] PLANNING Atomic:  keywords={'DF_INTS_IO': 'NONE', 'SAPT__D_CONVERGENCE': 1e-09, 'SAPT__E_CONVERGENCE': 1e-09, 'FREEZE_CORE': '1', 'SCF__INTS_TOLERANCE': 1e-12, 'REFERENCE': 'RHF', 'SAPT__SAPT_LEVEL': 'SAPT0', 'SCF_TYPE': 'DF', 'function_kwargs': {}}
2024-11-07:15:30:57,538 INFO     [psi4.driver.driver:499] Compute energy(): method=ccsd(t), basis=aug-cc-pvdz, molecule=Ar2, nre=0.0
2024-11-07:15:30:59,224 INFO     [psi4.driver.driver:502] Return energy(): -526.9697051632367
2024-11-07:15:30:59,240 INFO     [psi4.driver.task_base:159] <<< JSON launch ... c2v 0.0
2024-11-07:15:30:59,261 INFO     [psi4.driver.task_planner:283] PLANNING Atomic:  keywords={'DF_INTS_IO': 'NONE', 'SAPT__D_CONVERGENCE': 1e-09, 'SAPT__E_CONVERGENCE': 1e-09, 'FREEZE_CORE': '1', 'SCF__INTS_TOLERANCE': 1e-12, 'REFERENCE': 'RHF', 'SAPT__SAPT_LEVEL': 'SAPT0', 'SCF_TYPE': 'DF', 'function_kwargs': {}}
2024-11-07:15:30:59,263 INFO     [psi4.driver.driver:499] Compute energy(): method=ccsd(t), basis=aug-cc-pvdz, molecule=Ar2, nre=0.0
2024-11-07:15:31:00,872 INFO     [psi4.driver.driver:502] Return energy(): -526.969705163236
2024-11-07:15:31:00,883 INFO     [psi4.driver.task_base:159] <<< JSON launch ... d2h 31.491443802320816
2024-11-07:15:31:00,903 INFO     [psi4.driver.task_planner:283] PLANNING Atomic:  keywords={'DF_INTS_IO': 'NONE', 'SAPT__D_CONVERGENCE': 1e-09, 'SAPT__E_CONVERGENCE': 1e-09, 'FREEZE_CORE': '1', 'SCF__INTS_TOLERANCE': 1e-12, 'REFERENCE': 'RHF', 'SAPT__SAPT_LEVEL': 'SAPT0', 'SCF_TYPE': 'DF', 'function_kwargs': {}}
2024-11-07:15:31:00,904 INFO     [psi4.driver.driver:499] Compute energy(): method=ccsd(t), basis=aug-cc-pvdz, molecule=Ar2, nre=31.491443802320816
2024-11-07:15:31:02,178 INFO     [psi4.driver.driver:502] Return energy(): -1053.9394646949977
2024-11-07:15:31:02,189 INFO     [psi4.driver.driver_nbody:1364] 
  //>>>>>>>>>>>>>>>>>>>>>>>>>>>>>>>>>>>//
  //          ManyBody Results         //
  //<<<<<<<<<<<<<<<<<<<<<<<<<<<<<<<<<<<//


2024-11-07:15:31:02,189 INFO     [psi4.driver.driver_nbody:394] 
   ==> N-Body: Counterpoise Corrected (CP) energies <==

        n-Body     Total Energy            Interaction Energy                          N-body Contribution to Interaction Energy
                   [Eh]                    [Eh]                  [kcal/mol]            [Eh]                  [kcal/mol]
             1  N/A                         0.000000000000        0.000000000000        0.000000000000        0.000000000000
  FULL/RTN   2  N/A                        -0.000054368525       -0.034116764557       -0.000054368525       -0.034116764557


2024-11-07:15:31:02,227 INFO     [psi4.driver.task_planner:235] PLANNING MB:  mc_level_idx=0 packet={'driver': 'energy', 'method': 'ccsd(t)', 'basis': 'aug-cc-pvdz', 'keywords': {'DF_INTS_IO': 'NONE', 'SAPT__D_CONVERGENCE': 1e-09, 'SAPT__E_CONVERGENCE': 1e-09, 'FREEZE_CORE': '1', 'SCF__INTS_TOLERANCE': 1e-12, 'REFERENCE': 'RHF', 'SAPT__SAPT_LEVEL': 'SAPT0', 'SCF_TYPE': 'DF', 'function_kwargs': {}}}
2024-11-07:15:31:02,227 INFO     [psi4.driver.driver_nbody:952] 
  //>>>>>>>>>>>>>>>>>>>>>>>>>>>>>>>>>>>>>//
  // ManyBody Setup: N-Body Levels [1, 2]//
  //<<<<<<<<<<<<<<<<<<<<<<<<<<<<<<<<<<<<<//


2024-11-07:15:31:02,227 INFO     [psi4.driver.driver_nbody:513]         Number of 1-body computations:     2
        Number of 2-body computations:     1
2024-11-07:15:31:02,228 INFO     [psi4.driver.driver_nbody:1014] 
  //>>>>>>>>>>>>>>>>>>>>>>>>>>>>>>>>>>>//
  //       ManyBody Computations       //
  //<<<<<<<<<<<<<<<<<<<<<<<<<<<<<<<<<<<//


2024-11-07:15:31:02,243 INFO     [psi4.driver.task_base:159] <<< JSON launch ... c2v 0.0
2024-11-07:15:31:02,263 INFO     [psi4.driver.task_planner:283] PLANNING Atomic:  keywords={'DF_INTS_IO': 'NONE', 'SAPT__D_CONVERGENCE': 1e-09, 'SAPT__E_CONVERGENCE': 1e-09, 'FREEZE_CORE': '1', 'SCF__INTS_TOLERANCE': 1e-12, 'REFERENCE': 'RHF', 'SAPT__SAPT_LEVEL': 'SAPT0', 'SCF_TYPE': 'DF', 'function_kwargs': {}}
2024-11-07:15:31:02,264 INFO     [psi4.driver.driver:499] Compute energy(): method=ccsd(t), basis=aug-cc-pvdz, molecule=Ar2, nre=0.0
2024-11-07:15:31:03,866 INFO     [psi4.driver.driver:502] Return energy(): -526.969698803919
2024-11-07:15:31:03,877 INFO     [psi4.driver.task_base:159] <<< JSON launch ... c2v 0.0
2024-11-07:15:31:03,897 INFO     [psi4.driver.task_planner:283] PLANNING Atomic:  keywords={'DF_INTS_IO': 'NONE', 'SAPT__D_CONVERGENCE': 1e-09, 'SAPT__E_CONVERGENCE': 1e-09, 'FREEZE_CORE': '1', 'SCF__INTS_TOLERANCE': 1e-12, 'REFERENCE': 'RHF', 'SAPT__SAPT_LEVEL': 'SAPT0', 'SCF_TYPE': 'DF', 'function_kwargs': {}}
2024-11-07:15:31:03,898 INFO     [psi4.driver.driver:499] Compute energy(): method=ccsd(t), basis=aug-cc-pvdz, molecule=Ar2, nre=0.0
2024-11-07:15:31:05,504 INFO     [psi4.driver.driver:502] Return energy(): -526.96969880392
2024-11-07:15:31:05,515 INFO     [psi4.driver.task_base:159] <<< JSON launch ... d2h 29.962732938130486
2024-11-07:15:31:05,535 INFO     [psi4.driver.task_planner:283] PLANNING Atomic:  keywords={'DF_INTS_IO': 'NONE', 'SAPT__D_CONVERGENCE': 1e-09, 'SAPT__E_CONVERGENCE': 1e-09, 'FREEZE_CORE': '1', 'SCF__INTS_TOLERANCE': 1e-12, 'REFERENCE': 'RHF', 'SAPT__SAPT_LEVEL': 'SAPT0', 'SCF_TYPE': 'DF', 'function_kwargs': {}}
2024-11-07:15:31:05,536 INFO     [psi4.driver.driver:499] Compute energy(): method=ccsd(t), basis=aug-cc-pvdz, molecule=Ar2, nre=29.962732938130486
2024-11-07:15:31:06,806 INFO     [psi4.driver.driver:502] Return energy(): -1053.9394378409975
2024-11-07:15:31:06,817 INFO     [psi4.driver.driver_nbody:1364] 
  //>>>>>>>>>>>>>>>>>>>>>>>>>>>>>>>>>>>//
  //          ManyBody Results         //
  //<<<<<<<<<<<<<<<<<<<<<<<<<<<<<<<<<<<//


2024-11-07:15:31:06,818 INFO     [psi4.driver.driver_nbody:394] 
   ==> N-Body: Counterpoise Corrected (CP) energies <==

        n-Body     Total Energy            Interaction Energy                          N-body Contribution to Interaction Energy
                   [Eh]                    [Eh]                  [kcal/mol]            [Eh]                  [kcal/mol]
             1  N/A                         0.000000000000        0.000000000000        0.000000000000        0.000000000000
  FULL/RTN   2  N/A                        -0.000040233158       -0.025246688066       -0.000040233158       -0.025246688066


2024-11-07:15:31:06,855 INFO     [psi4.driver.task_planner:235] PLANNING MB:  mc_level_idx=0 packet={'driver': 'energy', 'method': 'ccsd(t)', 'basis': 'aug-cc-pvdz', 'keywords': {'DF_INTS_IO': 'NONE', 'SAPT__D_CONVERGENCE': 1e-09, 'SAPT__E_CONVERGENCE': 1e-09, 'FREEZE_CORE': '1', 'SCF__INTS_TOLERANCE': 1e-12, 'REFERENCE': 'RHF', 'SAPT__SAPT_LEVEL': 'SAPT0', 'SCF_TYPE': 'DF', 'function_kwargs': {}}}
2024-11-07:15:31:06,855 INFO     [psi4.driver.driver_nbody:952] 
  //>>>>>>>>>>>>>>>>>>>>>>>>>>>>>>>>>>>>>//
  // ManyBody Setup: N-Body Levels [1, 2]//
  //<<<<<<<<<<<<<<<<<<<<<<<<<<<<<<<<<<<<<//


2024-11-07:15:31:06,855 INFO     [psi4.driver.driver_nbody:513]         Number of 1-body computations:     2
        Number of 2-body computations:     1
2024-11-07:15:31:06,856 INFO     [psi4.driver.driver_nbody:1014] 
  //>>>>>>>>>>>>>>>>>>>>>>>>>>>>>>>>>>>//
  //       ManyBody Computations       //
  //<<<<<<<<<<<<<<<<<<<<<<<<<<<<<<<<<<<//


2024-11-07:15:31:06,871 INFO     [psi4.driver.task_base:159] <<< JSON launch ... c2v 0.0
2024-11-07:15:31:06,891 INFO     [psi4.driver.task_planner:283] PLANNING Atomic:  keywords={'DF_INTS_IO': 'NONE', 'SAPT__D_CONVERGENCE': 1e-09, 'SAPT__E_CONVERGENCE': 1e-09, 'FREEZE_CORE': '1', 'SCF__INTS_TOLERANCE': 1e-12, 'REFERENCE': 'RHF', 'SAPT__SAPT_LEVEL': 'SAPT0', 'SCF_TYPE': 'DF', 'function_kwargs': {}}
2024-11-07:15:31:06,893 INFO     [psi4.driver.driver:499] Compute energy(): method=ccsd(t), basis=aug-cc-pvdz, molecule=Ar2, nre=0.0
2024-11-07:15:31:08,486 INFO     [psi4.driver.driver:502] Return energy(): -526.9696936618149
2024-11-07:15:31:08,497 INFO     [psi4.driver.task_base:159] <<< JSON launch ... c2v 0.0
2024-11-07:15:31:08,517 INFO     [psi4.driver.task_planner:283] PLANNING Atomic:  keywords={'DF_INTS_IO': 'NONE', 'SAPT__D_CONVERGENCE': 1e-09, 'SAPT__E_CONVERGENCE': 1e-09, 'FREEZE_CORE': '1', 'SCF__INTS_TOLERANCE': 1e-12, 'REFERENCE': 'RHF', 'SAPT__SAPT_LEVEL': 'SAPT0', 'SCF_TYPE': 'DF', 'function_kwargs': {}}
2024-11-07:15:31:08,519 INFO     [psi4.driver.driver:499] Compute energy(): method=ccsd(t), basis=aug-cc-pvdz, molecule=Ar2, nre=0.0
2024-11-07:15:31:10,114 INFO     [psi4.driver.driver:502] Return energy(): -526.9696936618149
2024-11-07:15:31:10,126 INFO     [psi4.driver.task_base:159] <<< JSON launch ... d2h 28.575569376180002
2024-11-07:15:31:10,145 INFO     [psi4.driver.task_planner:283] PLANNING Atomic:  keywords={'DF_INTS_IO': 'NONE', 'SAPT__D_CONVERGENCE': 1e-09, 'SAPT__E_CONVERGENCE': 1e-09, 'FREEZE_CORE': '1', 'SCF__INTS_TOLERANCE': 1e-12, 'REFERENCE': 'RHF', 'SAPT__SAPT_LEVEL': 'SAPT0', 'SCF_TYPE': 'DF', 'function_kwargs': {}}
2024-11-07:15:31:10,146 INFO     [psi4.driver.driver:499] Compute energy(): method=ccsd(t), basis=aug-cc-pvdz, molecule=Ar2, nre=28.575569376180006
2024-11-07:15:31:11,407 INFO     [psi4.driver.driver:502] Return energy(): -1053.939417414321
2024-11-07:15:31:11,418 INFO     [psi4.driver.driver_nbody:1364] 
  //>>>>>>>>>>>>>>>>>>>>>>>>>>>>>>>>>>>//
  //          ManyBody Results         //
  //<<<<<<<<<<<<<<<<<<<<<<<<<<<<<<<<<<<//


2024-11-07:15:31:11,418 INFO     [psi4.driver.driver_nbody:394] 
   ==> N-Body: Counterpoise Corrected (CP) energies <==

        n-Body     Total Energy            Interaction Energy                          N-body Contribution to Interaction Energy
                   [Eh]                    [Eh]                  [kcal/mol]            [Eh]                  [kcal/mol]
             1  N/A                         0.000000000000        0.000000000000        0.000000000000        0.000000000000
  FULL/RTN   2  N/A                        -0.000030090691       -0.018882193879       -0.000030090691       -0.018882193879


